Using pre-set license
Built from '2020.3/staging' branch; Version is '2020.3.11f1 (99c7afb366b3) revision 10078127'; Using compiler version '192528614'; Build Type 'Release'
OS: 'Windows 10 Pro; OS build 19042.1083; Version 2009; 64bit' Language: 'pl' Physical Memory: 16299 MB
BatchMode: 1, IsHumanControllingUs: 0, StartBugReporterOnCrash: 0, Is64bit: 1, IsPro: 0

 COMMAND LINE ARGUMENTS:
C:\Program Files\Unity\Hub\Editor\2020.3.11f1\Editor\Unity.exe
-adb2
-batchMode
-noUpm
-name
AssetImportWorker0
-projectPath
C:/Unity Hub/Projects/Platform
-logFile
Logs/AssetImportWorker0.log
-srvPort
49495
Successfully changed project path to: C:/Unity Hub/Projects/Platform
C:/Unity Hub/Projects/Platform
Using Asset Import Pipeline V2.
Refreshing native plugins compatible for Editor in 64.14 ms, found 3 plugins.
Preloading 0 native plugins for Editor in 0.00 ms.
Initialize engine version: 2020.3.11f1 (99c7afb366b3)
[Subsystems] Discovering subsystems at path C:/Program Files/Unity/Hub/Editor/2020.3.11f1/Editor/Data/Resources/UnitySubsystems
[Subsystems] Discovering subsystems at path C:/Unity Hub/Projects/Platform/Assets
GfxDevice: creating device client; threaded=0
Direct3D:
    Version:  Direct3D 11.0 [level 11.1]
    Renderer: NVIDIA GeForce GTX 1650 (ID=0x1f82)
    Vendor:   
    VRAM:     3962 MB
    Driver:   27.21.14.5671
Initialize mono
Mono path[0] = 'C:/Program Files/Unity/Hub/Editor/2020.3.11f1/Editor/Data/Managed'
Mono path[1] = 'C:/Program Files/Unity/Hub/Editor/2020.3.11f1/Editor/Data/MonoBleedingEdge/lib/mono/unityjit'
Mono config path = 'C:/Program Files/Unity/Hub/Editor/2020.3.11f1/Editor/Data/MonoBleedingEdge/etc'
Using monoOptions --debugger-agent=transport=dt_socket,embedding=1,server=y,suspend=n,address=127.0.0.1:56084
Begin MonoManager ReloadAssembly
Registering precompiled unity dll's ...
Register platform support module: C:/Program Files/Unity/Hub/Editor/2020.3.11f1/Editor/Data/PlaybackEngines/WindowsStandaloneSupport/UnityEditor.WindowsStandalone.Extensions.dll
Registered in 0.004871 seconds.
Native extension for WindowsStandalone target not found
Refreshing native plugins compatible for Editor in 62.57 ms, found 3 plugins.
Preloading 0 native plugins for Editor in 0.00 ms.
Mono: successfully reloaded assembly
- Completed reload, in  3.300 seconds
Platform modules already initialized, skipping
Registering precompiled user dll's ...
Registered in 0.008988 seconds.
Begin MonoManager ReloadAssembly
Native extension for WindowsStandalone target not found
Refreshing native plugins compatible for Editor in 63.17 ms, found 3 plugins.
Preloading 0 native plugins for Editor in 0.00 ms.
Mono: successfully reloaded assembly
- Completed reload, in  1.599 seconds
Platform modules already initialized, skipping
========================================================================
Worker process is ready to serve import requests
Launched and connected shader compiler UnityShaderCompiler.exe after 0.07 seconds
Refreshing native plugins compatible for Editor in 0.69 ms, found 3 plugins.
Preloading 0 native plugins for Editor in 0.00 ms.
Unloading 2080 Unused Serialized files (Serialized files now loaded: 0)
System memory in use before: 92.8 MB.
System memory in use after: 92.8 MB.

Unloading 33 unused Assets to reduce memory usage. Loaded Objects now: 2513.
Total: 2.626100 ms (FindLiveObjects: 0.195200 ms CreateObjectMapping: 0.085500 ms MarkObjects: 2.162200 ms  DeleteObjects: 0.181700 ms)

========================================================================
Received Import Request.
  path: Assets/Pixel Adventure 2
  artifactKey: Guid(3dbb71e4041050f429507d417bbc5f51) Importer(815301076,1909f56bfc062723c751e8b465ee728b)
Start importing Assets/Pixel Adventure 2 using Guid(3dbb71e4041050f429507d417bbc5f51) Importer(815301076,1909f56bfc062723c751e8b465ee728b)  -> (artifact id: '366c15655651f34bf11fd743b2e8a10a') in 0.006784 seconds
  Import took 0.010459 seconds .

========================================================================
Received Import Request.
  Time since last request: 0.000425 seconds.
  path: Assets/Assets
  artifactKey: Guid(f73e63a786e5d3b4d92743a387f42243) Importer(815301076,1909f56bfc062723c751e8b465ee728b)
Start importing Assets/Assets using Guid(f73e63a786e5d3b4d92743a387f42243) Importer(815301076,1909f56bfc062723c751e8b465ee728b)  -> (artifact id: 'a94f57a0966df2f52f94f9c1a7096488') in 0.003059 seconds
  Import took 0.006663 seconds .

========================================================================
Received Import Request.
  Time since last request: 0.665330 seconds.
  path: Assets/Cainos
  artifactKey: Guid(1bf4b218232b4984caeeee89198501fb) Importer(815301076,1909f56bfc062723c751e8b465ee728b)
Start importing Assets/Cainos using Guid(1bf4b218232b4984caeeee89198501fb) Importer(815301076,1909f56bfc062723c751e8b465ee728b)  -> (artifact id: 'a57ed150e30d1094b20c218550c8284e') in 0.004408 seconds
  Import took 0.008597 seconds .

========================================================================
Received Import Request.
  Time since last request: 278.376244 seconds.
  path: Assets/Assets/Pixel Adventure 2/Assets
  artifactKey: Guid(071d787a6f60c1b4ab902be3a5c0bb27) Importer(815301076,1909f56bfc062723c751e8b465ee728b)
Start importing Assets/Assets/Pixel Adventure 2/Assets using Guid(071d787a6f60c1b4ab902be3a5c0bb27) Importer(815301076,1909f56bfc062723c751e8b465ee728b)  -> (artifact id: '9d1dc563fc08316e3877cb6352bc7b63') in 0.003348 seconds
  Import took 0.007651 seconds .

========================================================================
Received Import Request.
  Time since last request: 0.754598 seconds.
  path: Assets/Assets/Pixel Adventure 2/Assets/Enemies
  artifactKey: Guid(e5805f60560d8ea4e833edc54fd915f4) Importer(815301076,1909f56bfc062723c751e8b465ee728b)
Start importing Assets/Assets/Pixel Adventure 2/Assets/Enemies using Guid(e5805f60560d8ea4e833edc54fd915f4) Importer(815301076,1909f56bfc062723c751e8b465ee728b)  -> (artifact id: '7fcf2f2f2d22f36e35a735912f111d90') in 0.003298 seconds
  Import took 0.007701 seconds .

========================================================================
Received Import Request.
  Time since last request: 0.000884 seconds.
  path: Assets/Assets/Pixel Adventure 2/Assets/Enemies
  artifactKey: Guid(e5805f60560d8ea4e833edc54fd915f4) Importer(815301076,1909f56bfc062723c751e8b465ee728b)
Start importing Assets/Assets/Pixel Adventure 2/Assets/Enemies using Guid(e5805f60560d8ea4e833edc54fd915f4) Importer(815301076,1909f56bfc062723c751e8b465ee728b)  -> (artifact id: '7fcf2f2f2d22f36e35a735912f111d90') in 0.003235 seconds
  Import took 0.008007 seconds .

========================================================================
Received Import Request.
  Time since last request: 5.862156 seconds.
  path: Assets/Assets/Pixel Adventure 2/Scenes
  artifactKey: Guid(498a99416a4d0f446b32d688a3f2867c) Importer(815301076,1909f56bfc062723c751e8b465ee728b)
Start importing Assets/Assets/Pixel Adventure 2/Scenes using Guid(498a99416a4d0f446b32d688a3f2867c) Importer(815301076,1909f56bfc062723c751e8b465ee728b)  -> (artifact id: '0b2e58e954f366c03eee8460c9d7204b') in 0.003682 seconds
  Import took 0.008212 seconds .

========================================================================
Received Import Request.
  Time since last request: 12.340990 seconds.
  path: Assets/Assets/Cainos/Pixel Art Platformer - Village Props
  artifactKey: Guid(1f08d781702466b438d35aa7938d8030) Importer(815301076,1909f56bfc062723c751e8b465ee728b)
Start importing Assets/Assets/Cainos/Pixel Art Platformer - Village Props using Guid(1f08d781702466b438d35aa7938d8030) Importer(815301076,1909f56bfc062723c751e8b465ee728b)  -> (artifact id: 'a0d0ee06777279a5df54c5441e1b0263') in 0.006853 seconds
  Import took 0.010880 seconds .

========================================================================
Received Import Request.
  Time since last request: 9.218024 seconds.
  path: Assets/Assets/Cainos/Pixel Art Platformer - Village Props/Tileset Palette
  artifactKey: Guid(ffa1277bff802794d811d96630d14d9b) Importer(815301076,1909f56bfc062723c751e8b465ee728b)
Start importing Assets/Assets/Cainos/Pixel Art Platformer - Village Props/Tileset Palette using Guid(ffa1277bff802794d811d96630d14d9b) Importer(815301076,1909f56bfc062723c751e8b465ee728b)  -> (artifact id: '379f1605efef327cf181996540852f68') in 0.003730 seconds
  Import took 0.008072 seconds .

========================================================================
Received Import Request.
  Time since last request: 0.048048 seconds.
  path: Assets/Assets/Cainos/Pixel Art Platformer - Village Props/Tileset Palette/TP Ground Darken.prefab
  artifactKey: Guid(027db5ce1ff2f4142b49c3de3b59625a) Importer(815301076,1909f56bfc062723c751e8b465ee728b)
Start importing Assets/Assets/Cainos/Pixel Art Platformer - Village Props/Tileset Palette/TP Ground Darken.prefab using Guid(027db5ce1ff2f4142b49c3de3b59625a) Importer(815301076,1909f56bfc062723c751e8b465ee728b)  -> (artifact id: '5187fbea76d1824ab1541f57b0621368') in 0.066475 seconds
  Import took 0.070335 seconds .

========================================================================
Received Import Request.
  Time since last request: 0.000342 seconds.
  path: Assets/Assets/Cainos/Pixel Art Platformer - Village Props/Tileset Palette/TP Ground.prefab
  artifactKey: Guid(a657d1104ca50f54dac2bf8d3d8e9898) Importer(815301076,1909f56bfc062723c751e8b465ee728b)
Start importing Assets/Assets/Cainos/Pixel Art Platformer - Village Props/Tileset Palette/TP Ground.prefab using Guid(a657d1104ca50f54dac2bf8d3d8e9898) Importer(815301076,1909f56bfc062723c751e8b465ee728b)  -> (artifact id: '272407c83fca12ccde6a1a52333fd453') in 0.005556 seconds
  Import took 0.008988 seconds .

========================================================================
Received Import Request.
  Time since last request: 1.851742 seconds.
  path: Assets/Assets/Cainos/Pixel Art Platformer - Village Props/Tileset Palette/TP Ground Darken
  artifactKey: Guid(0342b4881245d184c837b80b9af11220) Importer(815301076,1909f56bfc062723c751e8b465ee728b)
Start importing Assets/Assets/Cainos/Pixel Art Platformer - Village Props/Tileset Palette/TP Ground Darken using Guid(0342b4881245d184c837b80b9af11220) Importer(815301076,1909f56bfc062723c751e8b465ee728b)  -> (artifact id: 'c26f02c88319c5a258bdfe17bb405e93') in 0.003417 seconds
  Import took 0.007599 seconds .

========================================================================
Received Import Request.
  Time since last request: 0.046375 seconds.
  path: Assets/Assets/Cainos/Pixel Art Platformer - Village Props/Tileset Palette/TP Ground Darken/TX Tileset Ground Darken B.asset
  artifactKey: Guid(04703ecd71c459d40b639601f104c141) Importer(815301076,1909f56bfc062723c751e8b465ee728b)
Start importing Assets/Assets/Cainos/Pixel Art Platformer - Village Props/Tileset Palette/TP Ground Darken/TX Tileset Ground Darken B.asset using Guid(04703ecd71c459d40b639601f104c141) Importer(815301076,1909f56bfc062723c751e8b465ee728b)  -> (artifact id: '45b43c51bfdd1288cbacb318d6ab1844') in 0.093398 seconds
  Import took 0.097717 seconds .

========================================================================
Received Import Request.
  Time since last request: 0.000351 seconds.
  path: Assets/Assets/Cainos/Pixel Art Platformer - Village Props/Tileset Palette/TP Ground Darken/TX Tileset Ground Darken BR.asset
  artifactKey: Guid(b9ddae269c2e465418c05f95e0a00a54) Importer(815301076,1909f56bfc062723c751e8b465ee728b)
Start importing Assets/Assets/Cainos/Pixel Art Platformer - Village Props/Tileset Palette/TP Ground Darken/TX Tileset Ground Darken BR.asset using Guid(b9ddae269c2e465418c05f95e0a00a54) Importer(815301076,1909f56bfc062723c751e8b465ee728b)  -> (artifact id: '81f9639fdcf84f6713fbfb6c66a27fbe') in 0.009667 seconds
  Import took 0.013215 seconds .

========================================================================
Received Import Request.
  Time since last request: 0.000338 seconds.
  path: Assets/Assets/Cainos/Pixel Art Platformer - Village Props/Tileset Palette/TP Ground Darken/TX Tileset Ground Darken Row M.asset
  artifactKey: Guid(3d362e8338b3811489ce6689782cde87) Importer(815301076,1909f56bfc062723c751e8b465ee728b)
Start importing Assets/Assets/Cainos/Pixel Art Platformer - Village Props/Tileset Palette/TP Ground Darken/TX Tileset Ground Darken Row M.asset using Guid(3d362e8338b3811489ce6689782cde87) Importer(815301076,1909f56bfc062723c751e8b465ee728b)  -> (artifact id: 'abe28ae164b25e8b842565d69f10b73c') in 0.011782 seconds
  Import took 0.016060 seconds .

========================================================================
Received Import Request.
  Time since last request: 0.000294 seconds.
  path: Assets/Assets/Cainos/Pixel Art Platformer - Village Props/Tileset Palette/TP Ground Darken/TX Tileset Ground Darken T.asset
  artifactKey: Guid(129b8d44277e04a4da2aaaef6c4fb58e) Importer(815301076,1909f56bfc062723c751e8b465ee728b)
Start importing Assets/Assets/Cainos/Pixel Art Platformer - Village Props/Tileset Palette/TP Ground Darken/TX Tileset Ground Darken T.asset using Guid(129b8d44277e04a4da2aaaef6c4fb58e) Importer(815301076,1909f56bfc062723c751e8b465ee728b)  -> (artifact id: '65c3ae20a0e401f5f075cce2223cab1f') in 0.009420 seconds
  Import took 0.013047 seconds .

========================================================================
Received Import Request.
  Time since last request: 0.000399 seconds.
  path: Assets/Assets/Cainos/Pixel Art Platformer - Village Props/Tileset Palette/TP Ground Darken/TX Tileset Ground Darken Slope X2 R 4.asset
  artifactKey: Guid(8bd0fa5ad4c00df44b3a21e5a40ead35) Importer(815301076,1909f56bfc062723c751e8b465ee728b)
Start importing Assets/Assets/Cainos/Pixel Art Platformer - Village Props/Tileset Palette/TP Ground Darken/TX Tileset Ground Darken Slope X2 R 4.asset using Guid(8bd0fa5ad4c00df44b3a21e5a40ead35) Importer(815301076,1909f56bfc062723c751e8b465ee728b)  -> (artifact id: '558fda193ba19b85ae8d03a2742dbaa0') in 0.009395 seconds
  Import took 0.013054 seconds .

========================================================================
Received Import Request.
  Time since last request: 0.000313 seconds.
  path: Assets/Assets/Cainos/Pixel Art Platformer - Village Props/Tileset Palette/TP Ground Darken/TX Tileset Ground Darken Row R.asset
  artifactKey: Guid(78583234e7a00984788481c8927df2cc) Importer(815301076,1909f56bfc062723c751e8b465ee728b)
Start importing Assets/Assets/Cainos/Pixel Art Platformer - Village Props/Tileset Palette/TP Ground Darken/TX Tileset Ground Darken Row R.asset using Guid(78583234e7a00984788481c8927df2cc) Importer(815301076,1909f56bfc062723c751e8b465ee728b)  -> (artifact id: '688efd9f871ee7768bb62db4cb03e493') in 0.009576 seconds
  Import took 0.014152 seconds .

========================================================================
Received Import Request.
  Time since last request: 0.000353 seconds.
  path: Assets/Assets/Cainos/Pixel Art Platformer - Village Props/Tileset Palette/TP Ground Darken/TX Tileset Ground Darken Slope X1 R T.asset
  artifactKey: Guid(01efbecf7f976bd4e843c7596abff477) Importer(815301076,1909f56bfc062723c751e8b465ee728b)
Start importing Assets/Assets/Cainos/Pixel Art Platformer - Village Props/Tileset Palette/TP Ground Darken/TX Tileset Ground Darken Slope X1 R T.asset using Guid(01efbecf7f976bd4e843c7596abff477) Importer(815301076,1909f56bfc062723c751e8b465ee728b)  -> (artifact id: '1ad5b960471f0eead346aa9227ac1485') in 0.013973 seconds
  Import took 0.017961 seconds .

========================================================================
Received Import Request.
  Time since last request: 0.000306 seconds.
  path: Assets/Assets/Cainos/Pixel Art Platformer - Village Props/Tileset Palette/TP Ground Darken/TX Tileset Ground Darken Col M.asset
  artifactKey: Guid(4f6684df7d869c347b9b3fe1c2c0a922) Importer(815301076,1909f56bfc062723c751e8b465ee728b)
Start importing Assets/Assets/Cainos/Pixel Art Platformer - Village Props/Tileset Palette/TP Ground Darken/TX Tileset Ground Darken Col M.asset using Guid(4f6684df7d869c347b9b3fe1c2c0a922) Importer(815301076,1909f56bfc062723c751e8b465ee728b)  -> (artifact id: 'd1b8d6d3c66ad216617e67bb356018cd') in 0.009756 seconds
  Import took 0.013786 seconds .

========================================================================
Received Import Request.
  Time since last request: 0.000432 seconds.
  path: Assets/Assets/Cainos/Pixel Art Platformer - Village Props/Tileset Palette/TP Ground Darken/TX Tileset Ground Darken TL.asset
  artifactKey: Guid(986ccee9a7cef0d408ccc4216da61ed1) Importer(815301076,1909f56bfc062723c751e8b465ee728b)
Start importing Assets/Assets/Cainos/Pixel Art Platformer - Village Props/Tileset Palette/TP Ground Darken/TX Tileset Ground Darken TL.asset using Guid(986ccee9a7cef0d408ccc4216da61ed1) Importer(815301076,1909f56bfc062723c751e8b465ee728b)  -> (artifact id: '38c186193daacb392e3a85ba10d5a2f2') in 0.011818 seconds
  Import took 0.015770 seconds .

========================================================================
Received Import Request.
  Time since last request: 0.000253 seconds.
  path: Assets/Assets/Cainos/Pixel Art Platformer - Village Props/Tileset Palette/TP Ground Darken/TX Tileset Ground Darken C T.asset
  artifactKey: Guid(9e4f4955b20ae3743891a92c391e1e07) Importer(815301076,1909f56bfc062723c751e8b465ee728b)
Start importing Assets/Assets/Cainos/Pixel Art Platformer - Village Props/Tileset Palette/TP Ground Darken/TX Tileset Ground Darken C T.asset using Guid(9e4f4955b20ae3743891a92c391e1e07) Importer(815301076,1909f56bfc062723c751e8b465ee728b)  -> (artifact id: '8fbcf45d6d3b726e3c101a5ed4c89110') in 0.008976 seconds
  Import took 0.012807 seconds .

========================================================================
Received Import Request.
  Time since last request: 0.000379 seconds.
  path: Assets/Assets/Cainos/Pixel Art Platformer - Village Props/Tileset Palette/TP Ground Darken/TX Tileset Ground Darken Slope X1 L B.asset
  artifactKey: Guid(c5cc3a278e8f83449a6d275c25b6ecd4) Importer(815301076,1909f56bfc062723c751e8b465ee728b)
Start importing Assets/Assets/Cainos/Pixel Art Platformer - Village Props/Tileset Palette/TP Ground Darken/TX Tileset Ground Darken Slope X1 L B.asset using Guid(c5cc3a278e8f83449a6d275c25b6ecd4) Importer(815301076,1909f56bfc062723c751e8b465ee728b)  -> (artifact id: '57179b7fc158a9952cb72e7d37f5c257') in 0.012812 seconds
  Import took 0.016739 seconds .

========================================================================
Received Import Request.
  Time since last request: 0.000281 seconds.
  path: Assets/Assets/Cainos/Pixel Art Platformer - Village Props/Tileset Palette/TP Ground Darken/TX Tileset Ground Darken C B.asset
  artifactKey: Guid(a1995557339b40048af5968ac1a8ceef) Importer(815301076,1909f56bfc062723c751e8b465ee728b)
Start importing Assets/Assets/Cainos/Pixel Art Platformer - Village Props/Tileset Palette/TP Ground Darken/TX Tileset Ground Darken C B.asset using Guid(a1995557339b40048af5968ac1a8ceef) Importer(815301076,1909f56bfc062723c751e8b465ee728b)  -> (artifact id: '8312d72d9c793881fb868bf2c4d56d7a') in 0.013049 seconds
  Import took 0.016863 seconds .

========================================================================
Received Import Request.
  Time since last request: 0.000315 seconds.
  path: Assets/Assets/Cainos/Pixel Art Platformer - Village Props/Tileset Palette/TP Ground Darken/TX Tileset Ground Darken M.asset
  artifactKey: Guid(2d016263d32ddfd4daf46c0ddeeeaa2d) Importer(815301076,1909f56bfc062723c751e8b465ee728b)
Start importing Assets/Assets/Cainos/Pixel Art Platformer - Village Props/Tileset Palette/TP Ground Darken/TX Tileset Ground Darken M.asset using Guid(2d016263d32ddfd4daf46c0ddeeeaa2d) Importer(815301076,1909f56bfc062723c751e8b465ee728b)  -> (artifact id: '4db0ea86eb2c22de3e54cfd428b8096f') in 0.010109 seconds
  Import took 0.013865 seconds .

========================================================================
Received Import Request.
  Time since last request: 0.000305 seconds.
  path: Assets/Assets/Cainos/Pixel Art Platformer - Village Props/Tileset Palette/TP Ground Darken/TX Tileset Ground Darken Row L.asset
  artifactKey: Guid(1f37ec1bd73d7344b8b72ec59262c115) Importer(815301076,1909f56bfc062723c751e8b465ee728b)
Start importing Assets/Assets/Cainos/Pixel Art Platformer - Village Props/Tileset Palette/TP Ground Darken/TX Tileset Ground Darken Row L.asset using Guid(1f37ec1bd73d7344b8b72ec59262c115) Importer(815301076,1909f56bfc062723c751e8b465ee728b)  -> (artifact id: '2a875dd315370a1d321f81e9bb5e1c59') in 0.008926 seconds
  Import took 0.012696 seconds .

========================================================================
Received Import Request.
  Time since last request: 0.000401 seconds.
  path: Assets/Assets/Cainos/Pixel Art Platformer - Village Props/Tileset Palette/TP Ground Darken/TX Tileset Ground Darken Slope X2 L 4.asset
  artifactKey: Guid(740f99afb7ff35841a8bf440e275acd9) Importer(815301076,1909f56bfc062723c751e8b465ee728b)
Start importing Assets/Assets/Cainos/Pixel Art Platformer - Village Props/Tileset Palette/TP Ground Darken/TX Tileset Ground Darken Slope X2 L 4.asset using Guid(740f99afb7ff35841a8bf440e275acd9) Importer(815301076,1909f56bfc062723c751e8b465ee728b)  -> (artifact id: '7c899ba9505b7a43a2fd75444c34c001') in 0.009036 seconds
  Import took 0.013481 seconds .

========================================================================
Received Import Request.
  Time since last request: 0.000347 seconds.
  path: Assets/Assets/Cainos/Pixel Art Platformer - Village Props/Tileset Palette/TP Ground Darken/TX Tileset Ground Darken C R.asset
  artifactKey: Guid(73ff3bb3a8ca70943a2ea71c31a5ab21) Importer(815301076,1909f56bfc062723c751e8b465ee728b)
Start importing Assets/Assets/Cainos/Pixel Art Platformer - Village Props/Tileset Palette/TP Ground Darken/TX Tileset Ground Darken C R.asset using Guid(73ff3bb3a8ca70943a2ea71c31a5ab21) Importer(815301076,1909f56bfc062723c751e8b465ee728b)  -> (artifact id: '2f13673941e780be7d675ca37236705b') in 0.012285 seconds
  Import took 0.016124 seconds .

========================================================================
Received Import Request.
  Time since last request: 0.000309 seconds.
  path: Assets/Assets/Cainos/Pixel Art Platformer - Village Props/Tileset Palette/TP Ground Darken/TX Tileset Ground Darken C BL.asset
  artifactKey: Guid(76cea99b4cba32441b73f1c00305f640) Importer(815301076,1909f56bfc062723c751e8b465ee728b)
Start importing Assets/Assets/Cainos/Pixel Art Platformer - Village Props/Tileset Palette/TP Ground Darken/TX Tileset Ground Darken C BL.asset using Guid(76cea99b4cba32441b73f1c00305f640) Importer(815301076,1909f56bfc062723c751e8b465ee728b)  -> (artifact id: '1e05d896b2175bb9d95e43047dd5cd34') in 0.009225 seconds
  Import took 0.013432 seconds .

========================================================================
Received Import Request.
  Time since last request: 0.000339 seconds.
  path: Assets/Assets/Cainos/Pixel Art Platformer - Village Props/Tileset Palette/TP Ground Darken/TX Tileset Ground Darken Slope X2 L 1.asset
  artifactKey: Guid(a3ca319545d544b4c8a8934870557d41) Importer(815301076,1909f56bfc062723c751e8b465ee728b)
Start importing Assets/Assets/Cainos/Pixel Art Platformer - Village Props/Tileset Palette/TP Ground Darken/TX Tileset Ground Darken Slope X2 L 1.asset using Guid(a3ca319545d544b4c8a8934870557d41) Importer(815301076,1909f56bfc062723c751e8b465ee728b)  -> (artifact id: '566c41d10506e1add5173091f91580bd') in 0.012242 seconds
  Import took 0.016445 seconds .

========================================================================
Received Import Request.
  Time since last request: 0.000271 seconds.
  path: Assets/Assets/Cainos/Pixel Art Platformer - Village Props/Tileset Palette/TP Ground Darken/TX Tileset Ground Darken C L.asset
  artifactKey: Guid(a36a794465e826449b1f38963ed245e9) Importer(815301076,1909f56bfc062723c751e8b465ee728b)
Start importing Assets/Assets/Cainos/Pixel Art Platformer - Village Props/Tileset Palette/TP Ground Darken/TX Tileset Ground Darken C L.asset using Guid(a36a794465e826449b1f38963ed245e9) Importer(815301076,1909f56bfc062723c751e8b465ee728b)  -> (artifact id: '62b8f95941e0bb9de12183b2f2ce7a3f') in 0.008961 seconds
  Import took 0.012839 seconds .

========================================================================
Received Import Request.
  Time since last request: 0.000293 seconds.
  path: Assets/Assets/Cainos/Pixel Art Platformer - Village Props/Tileset Palette/TP Ground Darken/TX Tileset Ground Darken C TL.asset
  artifactKey: Guid(98db5c1a1660fdd478bf9cd37af282d9) Importer(815301076,1909f56bfc062723c751e8b465ee728b)
Start importing Assets/Assets/Cainos/Pixel Art Platformer - Village Props/Tileset Palette/TP Ground Darken/TX Tileset Ground Darken C TL.asset using Guid(98db5c1a1660fdd478bf9cd37af282d9) Importer(815301076,1909f56bfc062723c751e8b465ee728b)  -> (artifact id: '0b0d17abf815ac151c67c6a1d060dfe6') in 0.015434 seconds
  Import took 0.019467 seconds .

========================================================================
Received Import Request.
  Time since last request: 0.000274 seconds.
  path: Assets/Assets/Cainos/Pixel Art Platformer - Village Props/Tileset Palette/TP Ground Darken/TX Tileset Ground Darken Col B.asset
  artifactKey: Guid(dae2532d28d98304299922149008a2bb) Importer(815301076,1909f56bfc062723c751e8b465ee728b)
Start importing Assets/Assets/Cainos/Pixel Art Platformer - Village Props/Tileset Palette/TP Ground Darken/TX Tileset Ground Darken Col B.asset using Guid(dae2532d28d98304299922149008a2bb) Importer(815301076,1909f56bfc062723c751e8b465ee728b)  -> (artifact id: '6c3bb46959881d8f6f8a2569f56399d0') in 0.014122 seconds
  Import took 0.017944 seconds .

========================================================================
Received Import Request.
  Time since last request: 0.000288 seconds.
  path: Assets/Assets/Cainos/Pixel Art Platformer - Village Props/Tileset Palette/TP Ground Darken/TX Tileset Ground Darken S.asset
  artifactKey: Guid(1b5a4b556d5541d4391a4cdb597a8a51) Importer(815301076,1909f56bfc062723c751e8b465ee728b)
Start importing Assets/Assets/Cainos/Pixel Art Platformer - Village Props/Tileset Palette/TP Ground Darken/TX Tileset Ground Darken S.asset using Guid(1b5a4b556d5541d4391a4cdb597a8a51) Importer(815301076,1909f56bfc062723c751e8b465ee728b)  -> (artifact id: 'bafb58cbd265129d9801387840912792') in 0.009324 seconds
  Import took 0.013113 seconds .

========================================================================
Received Import Request.
  Time since last request: 0.000303 seconds.
  path: Assets/Assets/Cainos/Pixel Art Platformer - Village Props/Tileset Palette/TP Ground Darken/TX Tileset Ground Darken Slope X2 R 3.asset
  artifactKey: Guid(46194387393705e41b326eb989b3c125) Importer(815301076,1909f56bfc062723c751e8b465ee728b)
Start importing Assets/Assets/Cainos/Pixel Art Platformer - Village Props/Tileset Palette/TP Ground Darken/TX Tileset Ground Darken Slope X2 R 3.asset using Guid(46194387393705e41b326eb989b3c125) Importer(815301076,1909f56bfc062723c751e8b465ee728b)  -> (artifact id: '35f39cf232b9cdc20ba5f17dd5636837') in 0.009282 seconds
  Import took 0.013241 seconds .

========================================================================
Received Import Request.
  Time since last request: 0.000385 seconds.
  path: Assets/Assets/Cainos/Pixel Art Platformer - Village Props/Tileset Palette/TP Ground Darken/TX Tileset Ground Darken Slope X1 L T.asset
  artifactKey: Guid(ee8ba4d11c1e64140b82b73847b08a8a) Importer(815301076,1909f56bfc062723c751e8b465ee728b)
Start importing Assets/Assets/Cainos/Pixel Art Platformer - Village Props/Tileset Palette/TP Ground Darken/TX Tileset Ground Darken Slope X1 L T.asset using Guid(ee8ba4d11c1e64140b82b73847b08a8a) Importer(815301076,1909f56bfc062723c751e8b465ee728b)  -> (artifact id: '48b443efeb1122b8f6dee88b4dd1e552') in 0.009467 seconds
  Import took 0.013632 seconds .

========================================================================
Received Import Request.
  Time since last request: 0.000261 seconds.
  path: Assets/Assets/Cainos/Pixel Art Platformer - Village Props/Tileset Palette/TP Ground Darken/TX Tileset Ground Darken Slope X1 R B.asset
  artifactKey: Guid(77f8a7c8975d48e4c882c5af70fb8259) Importer(815301076,1909f56bfc062723c751e8b465ee728b)
Start importing Assets/Assets/Cainos/Pixel Art Platformer - Village Props/Tileset Palette/TP Ground Darken/TX Tileset Ground Darken Slope X1 R B.asset using Guid(77f8a7c8975d48e4c882c5af70fb8259) Importer(815301076,1909f56bfc062723c751e8b465ee728b)  -> (artifact id: '008e6734247c6cd08d811ba09fa4c588') in 0.009054 seconds
  Import took 0.012983 seconds .

========================================================================
Received Import Request.
  Time since last request: 0.000366 seconds.
  path: Assets/Assets/Cainos/Pixel Art Platformer - Village Props/Tileset Palette/TP Ground Darken/TX Tileset Ground Darken Slope X2 R 2.asset
  artifactKey: Guid(f1b197e49dd029848956b99cd39beffc) Importer(815301076,1909f56bfc062723c751e8b465ee728b)
Start importing Assets/Assets/Cainos/Pixel Art Platformer - Village Props/Tileset Palette/TP Ground Darken/TX Tileset Ground Darken Slope X2 R 2.asset using Guid(f1b197e49dd029848956b99cd39beffc) Importer(815301076,1909f56bfc062723c751e8b465ee728b)  -> (artifact id: '7c3b7d4c586c0fde445ac0b1714d095a') in 0.011366 seconds
  Import took 0.015441 seconds .

========================================================================
Received Import Request.
  Time since last request: 0.000297 seconds.
  path: Assets/Assets/Cainos/Pixel Art Platformer - Village Props/Tileset Palette/TP Ground Darken/TX Tileset Ground Darken Slope X2 R 1.asset
  artifactKey: Guid(2ca2bc04a3688dc4ab41ad06bfc2445b) Importer(815301076,1909f56bfc062723c751e8b465ee728b)
Start importing Assets/Assets/Cainos/Pixel Art Platformer - Village Props/Tileset Palette/TP Ground Darken/TX Tileset Ground Darken Slope X2 R 1.asset using Guid(2ca2bc04a3688dc4ab41ad06bfc2445b) Importer(815301076,1909f56bfc062723c751e8b465ee728b)  -> (artifact id: 'b416de22e1bd6ff0c257b3091082ce4e') in 0.008577 seconds
  Import took 0.012528 seconds .

========================================================================
Received Import Request.
  Time since last request: 0.000362 seconds.
  path: Assets/Assets/Cainos/Pixel Art Platformer - Village Props/Tileset Palette/TP Ground Darken/TX Tileset Ground Darken TR.asset
  artifactKey: Guid(1c7a21ca0aaa9b94282b12f5a5709695) Importer(815301076,1909f56bfc062723c751e8b465ee728b)
Start importing Assets/Assets/Cainos/Pixel Art Platformer - Village Props/Tileset Palette/TP Ground Darken/TX Tileset Ground Darken TR.asset using Guid(1c7a21ca0aaa9b94282b12f5a5709695) Importer(815301076,1909f56bfc062723c751e8b465ee728b)  -> (artifact id: 'b7eed88988c1656dfc8162c2902550e2') in 0.012461 seconds
  Import took 0.016578 seconds .

========================================================================
Received Import Request.
  Time since last request: 0.000311 seconds.
  path: Assets/Assets/Cainos/Pixel Art Platformer - Village Props/Tileset Palette/TP Ground Darken/TX Tileset Ground Darken Col T.asset
  artifactKey: Guid(55b43c087af44f64588378eb5f5304d0) Importer(815301076,1909f56bfc062723c751e8b465ee728b)
Start importing Assets/Assets/Cainos/Pixel Art Platformer - Village Props/Tileset Palette/TP Ground Darken/TX Tileset Ground Darken Col T.asset using Guid(55b43c087af44f64588378eb5f5304d0) Importer(815301076,1909f56bfc062723c751e8b465ee728b)  -> (artifact id: 'f71edc725be23efc629161d5576a0c22') in 0.014394 seconds
  Import took 0.018508 seconds .

========================================================================
Received Import Request.
  Time since last request: 0.000306 seconds.
  path: Assets/Assets/Cainos/Pixel Art Platformer - Village Props/Tileset Palette/TP Ground Darken/TX Tileset Ground Darken Slope X2 L 3.asset
  artifactKey: Guid(cd69dadac56951c4cb33d79d0d99fbd8) Importer(815301076,1909f56bfc062723c751e8b465ee728b)
Start importing Assets/Assets/Cainos/Pixel Art Platformer - Village Props/Tileset Palette/TP Ground Darken/TX Tileset Ground Darken Slope X2 L 3.asset using Guid(cd69dadac56951c4cb33d79d0d99fbd8) Importer(815301076,1909f56bfc062723c751e8b465ee728b)  -> (artifact id: 'ef41a82cc298dbdb3e4fce067f82305b') in 0.009084 seconds
  Import took 0.013145 seconds .

========================================================================
Received Import Request.
  Time since last request: 0.000365 seconds.
  path: Assets/Assets/Cainos/Pixel Art Platformer - Village Props/Tileset Palette/TP Ground Darken/TX Tileset Ground Darken BL.asset
  artifactKey: Guid(04a5deedc6a0b614385e280ca3344d21) Importer(815301076,1909f56bfc062723c751e8b465ee728b)
Start importing Assets/Assets/Cainos/Pixel Art Platformer - Village Props/Tileset Palette/TP Ground Darken/TX Tileset Ground Darken BL.asset using Guid(04a5deedc6a0b614385e280ca3344d21) Importer(815301076,1909f56bfc062723c751e8b465ee728b)  -> (artifact id: '60a2c11091b0c38d13a0a13b5f819e57') in 0.009362 seconds
  Import took 0.013754 seconds .

========================================================================
Received Import Request.
  Time since last request: 0.000310 seconds.
  path: Assets/Assets/Cainos/Pixel Art Platformer - Village Props/Tileset Palette/TP Ground Darken/TX Tileset Ground Darken C BR.asset
  artifactKey: Guid(ffa1d554ba49dbc4a8aacb2c90fe4b5c) Importer(815301076,1909f56bfc062723c751e8b465ee728b)
Start importing Assets/Assets/Cainos/Pixel Art Platformer - Village Props/Tileset Palette/TP Ground Darken/TX Tileset Ground Darken C BR.asset using Guid(ffa1d554ba49dbc4a8aacb2c90fe4b5c) Importer(815301076,1909f56bfc062723c751e8b465ee728b)  -> (artifact id: '6d2c9159d3201f15d04db2a480f7e838') in 0.008187 seconds
  Import took 0.012185 seconds .

========================================================================
Received Import Request.
  Time since last request: 0.000272 seconds.
  path: Assets/Assets/Cainos/Pixel Art Platformer - Village Props/Tileset Palette/TP Ground Darken/TX Tileset Ground Darken C TR.asset
  artifactKey: Guid(03e01936ed1ce454a9c0b0dc184da554) Importer(815301076,1909f56bfc062723c751e8b465ee728b)
Start importing Assets/Assets/Cainos/Pixel Art Platformer - Village Props/Tileset Palette/TP Ground Darken/TX Tileset Ground Darken C TR.asset using Guid(03e01936ed1ce454a9c0b0dc184da554) Importer(815301076,1909f56bfc062723c751e8b465ee728b)  -> (artifact id: 'c09c1fc9e1e1d5f4efca0fd49583d898') in 0.009884 seconds
  Import took 0.013881 seconds .

========================================================================
Received Import Request.
  Time since last request: 0.000317 seconds.
  path: Assets/Assets/Cainos/Pixel Art Platformer - Village Props/Tileset Palette/TP Ground Darken/TX Tileset Ground Darken L.asset
  artifactKey: Guid(fdc8e2476ca7b07488d5c1819ad461dd) Importer(815301076,1909f56bfc062723c751e8b465ee728b)
Start importing Assets/Assets/Cainos/Pixel Art Platformer - Village Props/Tileset Palette/TP Ground Darken/TX Tileset Ground Darken L.asset using Guid(fdc8e2476ca7b07488d5c1819ad461dd) Importer(815301076,1909f56bfc062723c751e8b465ee728b)  -> (artifact id: '9162e4f38db519981d0f5dcc292bf54b') in 0.011024 seconds
  Import took 0.015148 seconds .

========================================================================
Received Import Request.
  Time since last request: 0.000297 seconds.
  path: Assets/Assets/Cainos/Pixel Art Platformer - Village Props/Tileset Palette/TP Ground Darken/TX Tileset Ground Darken R.asset
  artifactKey: Guid(a2482ba922cca67448818e25c7a26030) Importer(815301076,1909f56bfc062723c751e8b465ee728b)
Start importing Assets/Assets/Cainos/Pixel Art Platformer - Village Props/Tileset Palette/TP Ground Darken/TX Tileset Ground Darken R.asset using Guid(a2482ba922cca67448818e25c7a26030) Importer(815301076,1909f56bfc062723c751e8b465ee728b)  -> (artifact id: 'c40446fdfa23a63b78e42d2bf1ec5ddd') in 0.008555 seconds
  Import took 0.012407 seconds .

========================================================================
Received Import Request.
  Time since last request: 0.000299 seconds.
  path: Assets/Assets/Cainos/Pixel Art Platformer - Village Props/Tileset Palette/TP Ground Darken/TX Tileset Ground Darken Slope X2 L 2.asset
  artifactKey: Guid(95648a3f21b5cea4284a0025a3eebd56) Importer(815301076,1909f56bfc062723c751e8b465ee728b)
Start importing Assets/Assets/Cainos/Pixel Art Platformer - Village Props/Tileset Palette/TP Ground Darken/TX Tileset Ground Darken Slope X2 L 2.asset using Guid(95648a3f21b5cea4284a0025a3eebd56) Importer(815301076,1909f56bfc062723c751e8b465ee728b)  -> (artifact id: '52416f81988719437ed646b774f406ac') in 0.011345 seconds
  Import took 0.015168 seconds .

========================================================================
Received Import Request.
  Time since last request: 0.006282 seconds.
  path: Assets/Assets/Cainos/Pixel Art Platformer - Village Props/Tileset Palette/TP Ground Darken/TX Tileset Ground Darken Slope X2 L 2.asset
  artifactKey: Guid(95648a3f21b5cea4284a0025a3eebd56) Importer(815301076,1909f56bfc062723c751e8b465ee728b)
Start importing Assets/Assets/Cainos/Pixel Art Platformer - Village Props/Tileset Palette/TP Ground Darken/TX Tileset Ground Darken Slope X2 L 2.asset using Guid(95648a3f21b5cea4284a0025a3eebd56) Importer(815301076,1909f56bfc062723c751e8b465ee728b)  -> (artifact id: '52416f81988719437ed646b774f406ac') in 0.009021 seconds
  Import took 0.013308 seconds .

========================================================================
Received Import Request.
  Time since last request: 84.214326 seconds.
  path: Assets/Pixel Adventure 1
  artifactKey: Guid(3af01141af46a504d93e206b9059c120) Importer(815301076,1909f56bfc062723c751e8b465ee728b)
Start importing Assets/Pixel Adventure 1 using Guid(3af01141af46a504d93e206b9059c120) Importer(815301076,1909f56bfc062723c751e8b465ee728b)  -> (artifact id: 'f9e692878381541d2d6b3b5fa70282d9') in 0.003713 seconds
  Import took 0.008763 seconds .

========================================================================
Received Import Request.
  Time since last request: 30.570442 seconds.
  path: Assets/Assets/Pixel Adventure 1/Scenes
  artifactKey: Guid(dbc7f956d9ee8744ba00759404b21d27) Importer(815301076,1909f56bfc062723c751e8b465ee728b)
Start importing Assets/Assets/Pixel Adventure 1/Scenes using Guid(dbc7f956d9ee8744ba00759404b21d27) Importer(815301076,1909f56bfc062723c751e8b465ee728b)  -> (artifact id: 'e61223f04169cc6be03e5d5ba40ddb61') in 0.003182 seconds
  Import took 0.007408 seconds .

========================================================================
Received Import Request.
  Time since last request: 0.803120 seconds.
  path: Assets/Assets/Pixel Adventure 1/Scenes/Demo.unity
  artifactKey: Guid(5cd5e59f6b31b4a46a674c808b7d0765) Importer(815301076,1909f56bfc062723c751e8b465ee728b)
Start importing Assets/Assets/Pixel Adventure 1/Scenes/Demo.unity using Guid(5cd5e59f6b31b4a46a674c808b7d0765) Importer(815301076,1909f56bfc062723c751e8b465ee728b)  -> (artifact id: 'e20d703f8fe4ad28de7bac1933d5ce80') in 0.003976 seconds
  Import took 0.008369 seconds .

========================================================================
Received Import Request.
  Time since last request: 16.524952 seconds.
  path: Assets/Assets/Pixel Adventure 1/Assets
  artifactKey: Guid(e7fabf8f9d1b6f6499883b9c8ad15b65) Importer(815301076,1909f56bfc062723c751e8b465ee728b)
Start importing Assets/Assets/Pixel Adventure 1/Assets using Guid(e7fabf8f9d1b6f6499883b9c8ad15b65) Importer(815301076,1909f56bfc062723c751e8b465ee728b)  -> (artifact id: '1e7538a39be8e0bfd3108565dfc139fc') in 0.003976 seconds
  Import took 0.008239 seconds .

========================================================================
Received Import Request.
  Time since last request: 1.532293 seconds.
  path: Assets/Assets/Pixel Adventure 1/Assets/Terrain
  artifactKey: Guid(981bfd6ae2b036145b5cc80be601e4b5) Importer(815301076,1909f56bfc062723c751e8b465ee728b)
Start importing Assets/Assets/Pixel Adventure 1/Assets/Terrain using Guid(981bfd6ae2b036145b5cc80be601e4b5) Importer(815301076,1909f56bfc062723c751e8b465ee728b)  -> (artifact id: '0243f91a4aa1d21bf3c20a97eded2861') in 0.003735 seconds
  Import took 0.007729 seconds .

========================================================================
Received Import Request.
  Time since last request: 0.028619 seconds.
  path: Assets/Assets/Pixel Adventure 1/Assets/Terrain/Terrain (16x16) 1.png
  artifactKey: Guid(413986c4a668c374d8de72a47621b531) Importer(815301076,1909f56bfc062723c751e8b465ee728b)
Start importing Assets/Assets/Pixel Adventure 1/Assets/Terrain/Terrain (16x16) 1.png using Guid(413986c4a668c374d8de72a47621b531) Importer(815301076,1909f56bfc062723c751e8b465ee728b)  -> (artifact id: '2a7c67db3e58c5765c180226d5e26eab') in 0.090479 seconds
  Import took 0.094778 seconds .

========================================================================
Received Import Request.
  Time since last request: 0.000401 seconds.
  path: Assets/Assets/Pixel Adventure 1/Assets/Terrain/Terrain Sliced (16x16).png
  artifactKey: Guid(fc584d329b77b9545b9c9c8bb829e553) Importer(815301076,1909f56bfc062723c751e8b465ee728b)
Start importing Assets/Assets/Pixel Adventure 1/Assets/Terrain/Terrain Sliced (16x16).png using Guid(fc584d329b77b9545b9c9c8bb829e553) Importer(815301076,1909f56bfc062723c751e8b465ee728b)  -> (artifact id: '30dd19c15d536fbd67ef2f0b1e44d80e') in 0.244153 seconds
  Import took 0.248537 seconds .

========================================================================
Received Import Request.
  Time since last request: 8.953906 seconds.
  path: Assets/Assets/Pixel Adventure 1/Assets/Terrain/Terrain (16x16) 1.png
  artifactKey: Guid(413986c4a668c374d8de72a47621b531) Importer(815301076,1909f56bfc062723c751e8b465ee728b)
Start importing Assets/Assets/Pixel Adventure 1/Assets/Terrain/Terrain (16x16) 1.png using Guid(413986c4a668c374d8de72a47621b531) Importer(815301076,1909f56bfc062723c751e8b465ee728b)  -> (artifact id: '3f41130ca2f3a051ca460cd365248833') in 0.018858 seconds
  Import took 0.023495 seconds .

========================================================================
Received Import Request.
  Time since last request: 39.324685 seconds.
  path: Assets/Assets/Pixel Adventure 1/Assets/Terrain/Terrain (16x16) 1.png
  artifactKey: Guid(413986c4a668c374d8de72a47621b531) Importer(815301076,1909f56bfc062723c751e8b465ee728b)
Start importing Assets/Assets/Pixel Adventure 1/Assets/Terrain/Terrain (16x16) 1.png using Guid(413986c4a668c374d8de72a47621b531) Importer(815301076,1909f56bfc062723c751e8b465ee728b)  -> (artifact id: 'cfac23717448e4b9701f44df2dd95d1b') in 0.009507 seconds
  Import took 0.013978 seconds .

========================================================================
Received Import Request.
  Time since last request: 104.652327 seconds.
  path: Assets/Assets/Pixel Adventure 1/Assets/Terrain/Terrain (16x16) 1.png
  artifactKey: Guid(413986c4a668c374d8de72a47621b531) Importer(815301076,1909f56bfc062723c751e8b465ee728b)
Start importing Assets/Assets/Pixel Adventure 1/Assets/Terrain/Terrain (16x16) 1.png using Guid(413986c4a668c374d8de72a47621b531) Importer(815301076,1909f56bfc062723c751e8b465ee728b)  -> (artifact id: '0bc296911dbb2be8f690fb2799ce308e') in 0.300967 seconds
  Import took 0.307191 seconds .

========================================================================
Received Import Request.
  Time since last request: 199.651810 seconds.
  path: Assets/Tilemaps
  artifactKey: Guid(70fb5dc7f0e5cb748ae8681d02ececcc) Importer(815301076,1909f56bfc062723c751e8b465ee728b)
Start importing Assets/Tilemaps using Guid(70fb5dc7f0e5cb748ae8681d02ececcc) Importer(815301076,1909f56bfc062723c751e8b465ee728b)  -> (artifact id: '4bbf564b435f3da47b2fd107688cbc7e') in 0.003766 seconds
  Import took 0.007900 seconds .

========================================================================
Received Import Request.
  Time since last request: 0.039145 seconds.
  path: Assets/Tilemaps/Pixel Adventure Terrain.prefab
  artifactKey: Guid(882a0cecdd3db2e48961102fcfc7a24c) Importer(815301076,1909f56bfc062723c751e8b465ee728b)
Start importing Assets/Tilemaps/Pixel Adventure Terrain.prefab using Guid(882a0cecdd3db2e48961102fcfc7a24c) Importer(815301076,1909f56bfc062723c751e8b465ee728b)  -> (artifact id: '7466a910cf21a3af9aff04296f849d6a') in 0.006482 seconds
  Import took 0.010676 seconds .

========================================================================
Received Import Request.
  Time since last request: 440.855552 seconds.
  path: Assets/Assets/Pixel Adventure 1/Assets/Background
  artifactKey: Guid(e2c5ef056991e3c4b902833ce4b5c2f9) Importer(815301076,1909f56bfc062723c751e8b465ee728b)
Start importing Assets/Assets/Pixel Adventure 1/Assets/Background using Guid(e2c5ef056991e3c4b902833ce4b5c2f9) Importer(815301076,1909f56bfc062723c751e8b465ee728b)  -> (artifact id: 'c7178d06e7f6d7190aa0aa8240c4c252') in 0.003671 seconds
  Import took 0.008698 seconds .

========================================================================
Received Import Request.
  Time since last request: 0.123528 seconds.
  path: Assets/Assets/Pixel Adventure 1/Assets/Background/Blue.png
  artifactKey: Guid(8049ea91a9d5fca4dab4024c0915dbe6) Importer(815301076,1909f56bfc062723c751e8b465ee728b)
Start importing Assets/Assets/Pixel Adventure 1/Assets/Background/Blue.png using Guid(8049ea91a9d5fca4dab4024c0915dbe6) Importer(815301076,1909f56bfc062723c751e8b465ee728b)  -> (artifact id: 'aea08b88c638a9c7230c45748dd7cbf1') in 0.016965 seconds
  Import took 0.021493 seconds .

========================================================================
Received Import Request.
  Time since last request: 0.000375 seconds.
  path: Assets/Assets/Pixel Adventure 1/Assets/Background/Gray.png
  artifactKey: Guid(ffc80c129c9aca14c9fb4dbeba0e10d2) Importer(815301076,1909f56bfc062723c751e8b465ee728b)
Start importing Assets/Assets/Pixel Adventure 1/Assets/Background/Gray.png using Guid(ffc80c129c9aca14c9fb4dbeba0e10d2) Importer(815301076,1909f56bfc062723c751e8b465ee728b)  -> (artifact id: '52cf26bcd3c83c2078460fa1a9aa3917') in 0.012188 seconds
  Import took 0.016708 seconds .

========================================================================
Received Import Request.
  Time since last request: 0.000349 seconds.
  path: Assets/Assets/Pixel Adventure 1/Assets/Background/Green.png
  artifactKey: Guid(2538710101d0f1f4e8976b3495cd1f75) Importer(815301076,1909f56bfc062723c751e8b465ee728b)
Start importing Assets/Assets/Pixel Adventure 1/Assets/Background/Green.png using Guid(2538710101d0f1f4e8976b3495cd1f75) Importer(815301076,1909f56bfc062723c751e8b465ee728b)  -> (artifact id: '53eddc33b117aa5f607957103db61712') in 0.014512 seconds
  Import took 0.019152 seconds .

========================================================================
Received Import Request.
  Time since last request: 0.000349 seconds.
  path: Assets/Assets/Pixel Adventure 1/Assets/Background/Yellow.png
  artifactKey: Guid(4d8c75a4d7dd2a0489270e1058d82128) Importer(815301076,1909f56bfc062723c751e8b465ee728b)
Start importing Assets/Assets/Pixel Adventure 1/Assets/Background/Yellow.png using Guid(4d8c75a4d7dd2a0489270e1058d82128) Importer(815301076,1909f56bfc062723c751e8b465ee728b)  -> (artifact id: '29066356c0e6a01bbcd9eea165bbdea6') in 0.011632 seconds
  Import took 0.015810 seconds .

========================================================================
Received Import Request.
  Time since last request: 0.000349 seconds.
  path: Assets/Assets/Pixel Adventure 1/Assets/Background/Pink.png
  artifactKey: Guid(348c3b734b11d3b4aa5c69e25b7113e6) Importer(815301076,1909f56bfc062723c751e8b465ee728b)
Start importing Assets/Assets/Pixel Adventure 1/Assets/Background/Pink.png using Guid(348c3b734b11d3b4aa5c69e25b7113e6) Importer(815301076,1909f56bfc062723c751e8b465ee728b)  -> (artifact id: '4113aa79391385ff2c39c0e3627d2388') in 0.016350 seconds
  Import took 0.021671 seconds .

========================================================================
Received Import Request.
  Time since last request: 0.000360 seconds.
  path: Assets/Assets/Pixel Adventure 1/Assets/Background/Brown.png
  artifactKey: Guid(ca6a66f8e2ae9c24c8c6b39c49206a0d) Importer(815301076,1909f56bfc062723c751e8b465ee728b)
Start importing Assets/Assets/Pixel Adventure 1/Assets/Background/Brown.png using Guid(ca6a66f8e2ae9c24c8c6b39c49206a0d) Importer(815301076,1909f56bfc062723c751e8b465ee728b)  -> (artifact id: '010a6527998e0d63f516263fce78a88c') in 0.013434 seconds
  Import took 0.017849 seconds .

========================================================================
Received Import Request.
  Time since last request: 0.001163 seconds.
  path: Assets/Assets/Pixel Adventure 1/Assets/Background/Purple.png
  artifactKey: Guid(248611cc7bb8d85448933cee393ce41e) Importer(815301076,1909f56bfc062723c751e8b465ee728b)
Start importing Assets/Assets/Pixel Adventure 1/Assets/Background/Purple.png using Guid(248611cc7bb8d85448933cee393ce41e) Importer(815301076,1909f56bfc062723c751e8b465ee728b)  -> (artifact id: '15f92e8e7f1e806ca110e103f4808637') in 0.018449 seconds
  Import took 0.023063 seconds .

========================================================================
Received Import Request.
  Time since last request: 88.807890 seconds.
  path: Assets/Assets/Pixel Adventure 1/Assets/Background/Gray.png
  artifactKey: Guid(ffc80c129c9aca14c9fb4dbeba0e10d2) Importer(815301076,1909f56bfc062723c751e8b465ee728b)
Start importing Assets/Assets/Pixel Adventure 1/Assets/Background/Gray.png using Guid(ffc80c129c9aca14c9fb4dbeba0e10d2) Importer(815301076,1909f56bfc062723c751e8b465ee728b)  -> (artifact id: '711623aa6402d0aa20561ba900ad555f') in 0.010513 seconds
  Import took 0.014790 seconds .

========================================================================
Received Import Request.
  Time since last request: 11.596478 seconds.
  path: Assets/Assets/Pixel Adventure 1/Assets/Background/Gray.png
  artifactKey: Guid(ffc80c129c9aca14c9fb4dbeba0e10d2) Importer(815301076,1909f56bfc062723c751e8b465ee728b)
Start importing Assets/Assets/Pixel Adventure 1/Assets/Background/Gray.png using Guid(ffc80c129c9aca14c9fb4dbeba0e10d2) Importer(815301076,1909f56bfc062723c751e8b465ee728b)  -> (artifact id: '50dfe29c10ce061e6be7553097f7af90') in 0.008028 seconds
  Import took 0.012297 seconds .

========================================================================
Received Import Request.
  Time since last request: 33.893319 seconds.
  path: Assets/Assets/Pixel Adventure 1/Assets/Background/Gray.png
  artifactKey: Guid(ffc80c129c9aca14c9fb4dbeba0e10d2) Importer(815301076,1909f56bfc062723c751e8b465ee728b)
Start importing Assets/Assets/Pixel Adventure 1/Assets/Background/Gray.png using Guid(ffc80c129c9aca14c9fb4dbeba0e10d2) Importer(815301076,1909f56bfc062723c751e8b465ee728b)  -> (artifact id: 'a45fb9af2dbbd7c7edb9167e6f4f0846') in 0.055700 seconds
  Import took 0.060011 seconds .

========================================================================
Received Import Request.
  Time since last request: 191.526253 seconds.
  path: ProjectSettings/TagManager.asset
  artifactKey: Guid(00000000000000003000000000000000) Importer(815301076,1909f56bfc062723c751e8b465ee728b)
Start importing ProjectSettings/TagManager.asset using Guid(00000000000000003000000000000000) Importer(815301076,1909f56bfc062723c751e8b465ee728b)  -> (artifact id: '95df672b4aaba54310d34c83eef51bb8') in 0.004086 seconds
  Import took 0.008562 seconds .

========================================================================
Received Import Request.
  Time since last request: 404.010666 seconds.
  path: Assets/Assets/Pixel Adventure 1/Assets/Main Characters
  artifactKey: Guid(c674b6697fb2a834d9379dc2411ddde1) Importer(815301076,1909f56bfc062723c751e8b465ee728b)
Start importing Assets/Assets/Pixel Adventure 1/Assets/Main Characters using Guid(c674b6697fb2a834d9379dc2411ddde1) Importer(815301076,1909f56bfc062723c751e8b465ee728b)  -> (artifact id: '39cd5f1943d1399b359470b1d0eb9e2c') in 0.003818 seconds
  Import took 0.008610 seconds .

========================================================================
Received Import Request.
  Time since last request: 0.006753 seconds.
  path: Assets/Assets/Pixel Adventure 1/Assets/Main Characters/Appearing (96x96).png
  artifactKey: Guid(3421078018dc3934a8c1ab3b7bf89aa0) Importer(815301076,1909f56bfc062723c751e8b465ee728b)
Start importing Assets/Assets/Pixel Adventure 1/Assets/Main Characters/Appearing (96x96).png using Guid(3421078018dc3934a8c1ab3b7bf89aa0) Importer(815301076,1909f56bfc062723c751e8b465ee728b)  -> (artifact id: '1e6b4c2097f25b6dab87a6e93a4a5f47') in 0.050248 seconds
  Import took 0.054453 seconds .

========================================================================
Received Import Request.
  Time since last request: 0.000404 seconds.
  path: Assets/Assets/Pixel Adventure 1/Assets/Main Characters/Desappearing (96x96).png
  artifactKey: Guid(99e1beacf34e67c42afd2d344aefcc3c) Importer(815301076,1909f56bfc062723c751e8b465ee728b)
Start importing Assets/Assets/Pixel Adventure 1/Assets/Main Characters/Desappearing (96x96).png using Guid(99e1beacf34e67c42afd2d344aefcc3c) Importer(815301076,1909f56bfc062723c751e8b465ee728b)  -> (artifact id: 'd001e854184db12192757335c70001db') in 0.040412 seconds
  Import took 0.044251 seconds .

========================================================================
Received Import Request.
  Time since last request: 1.228905 seconds.
  path: Assets/Assets/Pixel Adventure 1/Assets/Main Characters/Pink Man
  artifactKey: Guid(42afdc0a1bbe6314b8aa6b3431e802ee) Importer(815301076,1909f56bfc062723c751e8b465ee728b)
Start importing Assets/Assets/Pixel Adventure 1/Assets/Main Characters/Pink Man using Guid(42afdc0a1bbe6314b8aa6b3431e802ee) Importer(815301076,1909f56bfc062723c751e8b465ee728b)  -> (artifact id: '0293dc2227cded2ef80658f0724f5672') in 0.003593 seconds
  Import took 0.008005 seconds .

========================================================================
Received Import Request.
  Time since last request: 0.044506 seconds.
  path: Assets/Assets/Pixel Adventure 1/Assets/Main Characters/Pink Man/Double Jump (32x32).png
  artifactKey: Guid(5fd9f3ec1e3e0bc4d8e308e10012a36a) Importer(815301076,1909f56bfc062723c751e8b465ee728b)
Start importing Assets/Assets/Pixel Adventure 1/Assets/Main Characters/Pink Man/Double Jump (32x32).png using Guid(5fd9f3ec1e3e0bc4d8e308e10012a36a) Importer(815301076,1909f56bfc062723c751e8b465ee728b)  -> (artifact id: 'd4ee98beee4cf17e591a4a973ebcb5e7') in 0.023484 seconds
  Import took 0.027934 seconds .

========================================================================
Received Import Request.
  Time since last request: 0.000316 seconds.
  path: Assets/Assets/Pixel Adventure 1/Assets/Main Characters/Pink Man/Wall Jump (32x32).png
  artifactKey: Guid(603abb83490921841976d0f1b2045f23) Importer(815301076,1909f56bfc062723c751e8b465ee728b)
Start importing Assets/Assets/Pixel Adventure 1/Assets/Main Characters/Pink Man/Wall Jump (32x32).png using Guid(603abb83490921841976d0f1b2045f23) Importer(815301076,1909f56bfc062723c751e8b465ee728b)  -> (artifact id: '39d4f2a5b5394baf32e8292de0228291') in 0.032986 seconds
  Import took 0.036766 seconds .

========================================================================
Received Import Request.
  Time since last request: 0.000316 seconds.
  path: Assets/Assets/Pixel Adventure 1/Assets/Main Characters/Pink Man/Hit (32x32).png
  artifactKey: Guid(9b0499fd3a0892046926ed19c78cfea3) Importer(815301076,1909f56bfc062723c751e8b465ee728b)
Start importing Assets/Assets/Pixel Adventure 1/Assets/Main Characters/Pink Man/Hit (32x32).png using Guid(9b0499fd3a0892046926ed19c78cfea3) Importer(815301076,1909f56bfc062723c751e8b465ee728b)  -> (artifact id: '41a0ba5a3c5c9037267e98a49cbda7b2') in 0.035724 seconds
  Import took 0.039649 seconds .

========================================================================
Received Import Request.
  Time since last request: 0.000324 seconds.
  path: Assets/Assets/Pixel Adventure 1/Assets/Main Characters/Pink Man/Run (32x32).png
  artifactKey: Guid(cdb0cc8ca9aac2a4d84c6aa3c1cbf52b) Importer(815301076,1909f56bfc062723c751e8b465ee728b)
Start importing Assets/Assets/Pixel Adventure 1/Assets/Main Characters/Pink Man/Run (32x32).png using Guid(cdb0cc8ca9aac2a4d84c6aa3c1cbf52b) Importer(815301076,1909f56bfc062723c751e8b465ee728b)  -> (artifact id: 'bcc98c3cbbaed0be175e3546b59dee6e') in 0.051721 seconds
  Import took 0.055461 seconds .

========================================================================
Received Import Request.
  Time since last request: 0.000345 seconds.
  path: Assets/Assets/Pixel Adventure 1/Assets/Main Characters/Pink Man/Jump (32x32).png
  artifactKey: Guid(edbf2f282f3feb940b6238d4d339ada4) Importer(815301076,1909f56bfc062723c751e8b465ee728b)
Start importing Assets/Assets/Pixel Adventure 1/Assets/Main Characters/Pink Man/Jump (32x32).png using Guid(edbf2f282f3feb940b6238d4d339ada4) Importer(815301076,1909f56bfc062723c751e8b465ee728b)  -> (artifact id: '197ddd299b1bdfbbfc2d77e97236cd7b') in 0.012358 seconds
  Import took 0.016837 seconds .

========================================================================
Received Import Request.
  Time since last request: 0.000286 seconds.
  path: Assets/Assets/Pixel Adventure 1/Assets/Main Characters/Pink Man/Fall (32x32).png
  artifactKey: Guid(1a6feec238b9a99499082bb755fa32df) Importer(815301076,1909f56bfc062723c751e8b465ee728b)
Start importing Assets/Assets/Pixel Adventure 1/Assets/Main Characters/Pink Man/Fall (32x32).png using Guid(1a6feec238b9a99499082bb755fa32df) Importer(815301076,1909f56bfc062723c751e8b465ee728b)  -> (artifact id: 'bebadfe0fd65ef7d1079072814037866') in 0.013273 seconds
  Import took 0.017790 seconds .

========================================================================
Received Import Request.
  Time since last request: 0.000349 seconds.
  path: Assets/Assets/Pixel Adventure 1/Assets/Main Characters/Pink Man/Idle (32x32).png
  artifactKey: Guid(d348dff3819df794186a80cb95777629) Importer(815301076,1909f56bfc062723c751e8b465ee728b)
Start importing Assets/Assets/Pixel Adventure 1/Assets/Main Characters/Pink Man/Idle (32x32).png using Guid(d348dff3819df794186a80cb95777629) Importer(815301076,1909f56bfc062723c751e8b465ee728b)  -> (artifact id: '49e54a84b00950e2213bd3d9241c61bf') in 0.053659 seconds
  Import took 0.057697 seconds .

========================================================================
Received Import Request.
  Time since last request: 3.759739 seconds.
  path: Assets/Assets/Pixel Adventure 1/Assets/Main Characters/Mask Dude
  artifactKey: Guid(40248927e767fcc40acdf26796daffc0) Importer(815301076,1909f56bfc062723c751e8b465ee728b)
Start importing Assets/Assets/Pixel Adventure 1/Assets/Main Characters/Mask Dude using Guid(40248927e767fcc40acdf26796daffc0) Importer(815301076,1909f56bfc062723c751e8b465ee728b)  -> (artifact id: 'd4e7eb1d2e7486e96099af8d9ee2758c') in 0.003361 seconds
  Import took 0.008148 seconds .

========================================================================
Received Import Request.
  Time since last request: 0.039984 seconds.
  path: Assets/Assets/Pixel Adventure 1/Assets/Main Characters/Mask Dude/Double Jump (32x32).png
  artifactKey: Guid(241f742f0911c3a428eea6612ae23b77) Importer(815301076,1909f56bfc062723c751e8b465ee728b)
Start importing Assets/Assets/Pixel Adventure 1/Assets/Main Characters/Mask Dude/Double Jump (32x32).png using Guid(241f742f0911c3a428eea6612ae23b77) Importer(815301076,1909f56bfc062723c751e8b465ee728b)  -> (artifact id: '861f996999d3a3906d112cc0a861d779') in 0.021388 seconds
  Import took 0.025555 seconds .

========================================================================
Received Import Request.
  Time since last request: 0.000373 seconds.
  path: Assets/Assets/Pixel Adventure 1/Assets/Main Characters/Mask Dude/Idle (32x32).png
  artifactKey: Guid(3750f45c844123341b9a777a96cb1eca) Importer(815301076,1909f56bfc062723c751e8b465ee728b)
Start importing Assets/Assets/Pixel Adventure 1/Assets/Main Characters/Mask Dude/Idle (32x32).png using Guid(3750f45c844123341b9a777a96cb1eca) Importer(815301076,1909f56bfc062723c751e8b465ee728b)  -> (artifact id: 'cf6c631f0a04df73749fb315fc987f82') in 0.045421 seconds
  Import took 0.049068 seconds .

========================================================================
Received Import Request.
  Time since last request: 0.000328 seconds.
  path: Assets/Assets/Pixel Adventure 1/Assets/Main Characters/Mask Dude/Jump (32x32).png
  artifactKey: Guid(2d728ff08787c6640bbe4984c7ff018b) Importer(815301076,1909f56bfc062723c751e8b465ee728b)
Start importing Assets/Assets/Pixel Adventure 1/Assets/Main Characters/Mask Dude/Jump (32x32).png using Guid(2d728ff08787c6640bbe4984c7ff018b) Importer(815301076,1909f56bfc062723c751e8b465ee728b)  -> (artifact id: 'daeaa25502257ee9ff44f14cd5301d90') in 0.010194 seconds
  Import took 0.013850 seconds .

========================================================================
Received Import Request.
  Time since last request: 0.000390 seconds.
  path: Assets/Assets/Pixel Adventure 1/Assets/Main Characters/Mask Dude/Wall Jump (32x32).png
  artifactKey: Guid(9b7e8d8d6e9ac904dba7f59ba8b11835) Importer(815301076,1909f56bfc062723c751e8b465ee728b)
Start importing Assets/Assets/Pixel Adventure 1/Assets/Main Characters/Mask Dude/Wall Jump (32x32).png using Guid(9b7e8d8d6e9ac904dba7f59ba8b11835) Importer(815301076,1909f56bfc062723c751e8b465ee728b)  -> (artifact id: '2dbbc04da243a9c920a1afd73a0a5fce') in 0.040342 seconds
  Import took 0.044758 seconds .

========================================================================
Received Import Request.
  Time since last request: 0.000334 seconds.
  path: Assets/Assets/Pixel Adventure 1/Assets/Main Characters/Mask Dude/Run (32x32).png
  artifactKey: Guid(97d5ce53f3ac76e4888319c6a53c7ff3) Importer(815301076,1909f56bfc062723c751e8b465ee728b)
Start importing Assets/Assets/Pixel Adventure 1/Assets/Main Characters/Mask Dude/Run (32x32).png using Guid(97d5ce53f3ac76e4888319c6a53c7ff3) Importer(815301076,1909f56bfc062723c751e8b465ee728b)  -> (artifact id: 'b68fbca48a177530b2e03af92bdabe24') in 0.043841 seconds
  Import took 0.048080 seconds .

========================================================================
Received Import Request.
  Time since last request: 0.000363 seconds.
  path: Assets/Assets/Pixel Adventure 1/Assets/Main Characters/Mask Dude/Fall (32x32).png
  artifactKey: Guid(88794fc5febd16e40a94cacbf542b65b) Importer(815301076,1909f56bfc062723c751e8b465ee728b)
Start importing Assets/Assets/Pixel Adventure 1/Assets/Main Characters/Mask Dude/Fall (32x32).png using Guid(88794fc5febd16e40a94cacbf542b65b) Importer(815301076,1909f56bfc062723c751e8b465ee728b)  -> (artifact id: '9b224ef9fa63979a3ff75226c3808427') in 0.010960 seconds
  Import took 0.015117 seconds .

========================================================================
Received Import Request.
  Time since last request: 0.000407 seconds.
  path: Assets/Assets/Pixel Adventure 1/Assets/Main Characters/Mask Dude/Hit (32x32).png
  artifactKey: Guid(b234dd527243d1042a19b2cf7ef17cd7) Importer(815301076,1909f56bfc062723c751e8b465ee728b)
Start importing Assets/Assets/Pixel Adventure 1/Assets/Main Characters/Mask Dude/Hit (32x32).png using Guid(b234dd527243d1042a19b2cf7ef17cd7) Importer(815301076,1909f56bfc062723c751e8b465ee728b)  -> (artifact id: '6cea590407e642b1e2ce0e20f42043ca') in 0.039412 seconds
  Import took 0.043640 seconds .

========================================================================
Received Import Request.
  Time since last request: 2.701389 seconds.
  path: Assets/Assets/Pixel Adventure 1/Assets/Main Characters/Ninja Frog
  artifactKey: Guid(04d5c6ab2c80a0049a258594f321bde4) Importer(815301076,1909f56bfc062723c751e8b465ee728b)
Start importing Assets/Assets/Pixel Adventure 1/Assets/Main Characters/Ninja Frog using Guid(04d5c6ab2c80a0049a258594f321bde4) Importer(815301076,1909f56bfc062723c751e8b465ee728b)  -> (artifact id: '25eccde9c38ff56d63f1780fae05ab31') in 0.003515 seconds
  Import took 0.007930 seconds .

========================================================================
Received Import Request.
  Time since last request: 0.041044 seconds.
  path: Assets/Assets/Pixel Adventure 1/Assets/Main Characters/Ninja Frog/Double Jump (32x32).png
  artifactKey: Guid(4099f676255555240b5240f897805dce) Importer(815301076,1909f56bfc062723c751e8b465ee728b)
Start importing Assets/Assets/Pixel Adventure 1/Assets/Main Characters/Ninja Frog/Double Jump (32x32).png using Guid(4099f676255555240b5240f897805dce) Importer(815301076,1909f56bfc062723c751e8b465ee728b)  -> (artifact id: '3f2771e8ee4ce326e7410cd30efabe11') in 0.024886 seconds
  Import took 0.029008 seconds .

========================================================================
Received Import Request.
  Time since last request: 0.000340 seconds.
  path: Assets/Assets/Pixel Adventure 1/Assets/Main Characters/Ninja Frog/Run (32x32).png
  artifactKey: Guid(e362bc6a7c79fce4db16d145d43a5550) Importer(815301076,1909f56bfc062723c751e8b465ee728b)
Start importing Assets/Assets/Pixel Adventure 1/Assets/Main Characters/Ninja Frog/Run (32x32).png using Guid(e362bc6a7c79fce4db16d145d43a5550) Importer(815301076,1909f56bfc062723c751e8b465ee728b)  -> (artifact id: 'f473ac57d8437a59ddcfba7abbd48ecf') in 0.053990 seconds
  Import took 0.057531 seconds .

========================================================================
Received Import Request.
  Time since last request: 0.000340 seconds.
  path: Assets/Assets/Pixel Adventure 1/Assets/Main Characters/Ninja Frog/Hit (32x32).png
  artifactKey: Guid(18a451ae5d817e04bbf3101eaed9466e) Importer(815301076,1909f56bfc062723c751e8b465ee728b)
Start importing Assets/Assets/Pixel Adventure 1/Assets/Main Characters/Ninja Frog/Hit (32x32).png using Guid(18a451ae5d817e04bbf3101eaed9466e) Importer(815301076,1909f56bfc062723c751e8b465ee728b)  -> (artifact id: '89af034e9a3418ddaf6651211f742ad1') in 0.039085 seconds
  Import took 0.042636 seconds .

========================================================================
Received Import Request.
  Time since last request: 0.000360 seconds.
  path: Assets/Assets/Pixel Adventure 1/Assets/Main Characters/Ninja Frog/Jump (32x32).png
  artifactKey: Guid(4872bd1108769a946a6acb68dc156fcf) Importer(815301076,1909f56bfc062723c751e8b465ee728b)
Start importing Assets/Assets/Pixel Adventure 1/Assets/Main Characters/Ninja Frog/Jump (32x32).png using Guid(4872bd1108769a946a6acb68dc156fcf) Importer(815301076,1909f56bfc062723c751e8b465ee728b)  -> (artifact id: '0a39d397abab4221338bb487b679c9a3') in 0.011454 seconds
  Import took 0.015869 seconds .

========================================================================
Received Import Request.
  Time since last request: 0.000338 seconds.
  path: Assets/Assets/Pixel Adventure 1/Assets/Main Characters/Ninja Frog/Wall Jump (32x32).png
  artifactKey: Guid(3b332af1e6c55e94f8e5eb08fb4ab06b) Importer(815301076,1909f56bfc062723c751e8b465ee728b)
Start importing Assets/Assets/Pixel Adventure 1/Assets/Main Characters/Ninja Frog/Wall Jump (32x32).png using Guid(3b332af1e6c55e94f8e5eb08fb4ab06b) Importer(815301076,1909f56bfc062723c751e8b465ee728b)  -> (artifact id: '06f800379ac132f4e42f87fde29067f2') in 0.026654 seconds
  Import took 0.030654 seconds .

========================================================================
Received Import Request.
  Time since last request: 0.000146 seconds.
  path: Assets/Assets/Pixel Adventure 1/Assets/Main Characters/Ninja Frog/Fall (32x32).png
  artifactKey: Guid(b6d14bcb8d9dbb349beb9d3619096732) Importer(815301076,1909f56bfc062723c751e8b465ee728b)
Start importing Assets/Assets/Pixel Adventure 1/Assets/Main Characters/Ninja Frog/Fall (32x32).png using Guid(b6d14bcb8d9dbb349beb9d3619096732) Importer(815301076,1909f56bfc062723c751e8b465ee728b)  -> (artifact id: 'c44b1ea3b6cfe23c81ae30ad25e9a7f4') in 0.015130 seconds
  Import took 0.019237 seconds .

========================================================================
Received Import Request.
  Time since last request: 0.000413 seconds.
  path: Assets/Assets/Pixel Adventure 1/Assets/Main Characters/Ninja Frog/Idle (32x32).png
  artifactKey: Guid(cd947491a13509945aa1b644f9db3ef2) Importer(815301076,1909f56bfc062723c751e8b465ee728b)
Start importing Assets/Assets/Pixel Adventure 1/Assets/Main Characters/Ninja Frog/Idle (32x32).png using Guid(cd947491a13509945aa1b644f9db3ef2) Importer(815301076,1909f56bfc062723c751e8b465ee728b)  -> (artifact id: '01915b869cf69caa91b518ffbc935c4c') in 0.046930 seconds
  Import took 0.051029 seconds .

========================================================================
Received Import Request.
  Time since last request: 75.754796 seconds.
  path: Assets/Assets/Pixel Adventure 1/Assets/Main Characters/Ninja Frog/Run (32x32).png
  artifactKey: Guid(e362bc6a7c79fce4db16d145d43a5550) Importer(815301076,1909f56bfc062723c751e8b465ee728b)
Start importing Assets/Assets/Pixel Adventure 1/Assets/Main Characters/Ninja Frog/Run (32x32).png using Guid(e362bc6a7c79fce4db16d145d43a5550) Importer(815301076,1909f56bfc062723c751e8b465ee728b)  -> (artifact id: '6c4fbc05b977dc2b8e82abde73ba79a4') in 0.055944 seconds
  Import took 0.059981 seconds .

========================================================================
Received Import Request.
  Time since last request: 0.000360 seconds.
  path: Assets/Assets/Pixel Adventure 1/Assets/Main Characters/Ninja Frog/Hit (32x32).png
  artifactKey: Guid(18a451ae5d817e04bbf3101eaed9466e) Importer(815301076,1909f56bfc062723c751e8b465ee728b)
Start importing Assets/Assets/Pixel Adventure 1/Assets/Main Characters/Ninja Frog/Hit (32x32).png using Guid(18a451ae5d817e04bbf3101eaed9466e) Importer(815301076,1909f56bfc062723c751e8b465ee728b)  -> (artifact id: 'e74ea932034e83f3b3df5329bdee2097') in 0.028042 seconds
  Import took 0.031941 seconds .

========================================================================
Received Import Request.
  Time since last request: 0.000366 seconds.
  path: Assets/Assets/Pixel Adventure 1/Assets/Main Characters/Ninja Frog/Jump (32x32).png
  artifactKey: Guid(4872bd1108769a946a6acb68dc156fcf) Importer(815301076,1909f56bfc062723c751e8b465ee728b)
Start importing Assets/Assets/Pixel Adventure 1/Assets/Main Characters/Ninja Frog/Jump (32x32).png using Guid(4872bd1108769a946a6acb68dc156fcf) Importer(815301076,1909f56bfc062723c751e8b465ee728b)  -> (artifact id: '673a3fe222481c64b4ee90e59bcfdb43') in 0.012401 seconds
  Import took 0.016288 seconds .

========================================================================
Received Import Request.
  Time since last request: 0.000389 seconds.
  path: Assets/Assets/Pixel Adventure 1/Assets/Main Characters/Ninja Frog/Wall Jump (32x32).png
  artifactKey: Guid(3b332af1e6c55e94f8e5eb08fb4ab06b) Importer(815301076,1909f56bfc062723c751e8b465ee728b)
Start importing Assets/Assets/Pixel Adventure 1/Assets/Main Characters/Ninja Frog/Wall Jump (32x32).png using Guid(3b332af1e6c55e94f8e5eb08fb4ab06b) Importer(815301076,1909f56bfc062723c751e8b465ee728b)  -> (artifact id: '79b6a36aa8177639127ecae2d99aa88f') in 0.030739 seconds
  Import took 0.034656 seconds .

========================================================================
Received Import Request.
  Time since last request: 0.000336 seconds.
  path: Assets/Assets/Pixel Adventure 1/Assets/Main Characters/Ninja Frog/Double Jump (32x32).png
  artifactKey: Guid(4099f676255555240b5240f897805dce) Importer(815301076,1909f56bfc062723c751e8b465ee728b)
Start importing Assets/Assets/Pixel Adventure 1/Assets/Main Characters/Ninja Frog/Double Jump (32x32).png using Guid(4099f676255555240b5240f897805dce) Importer(815301076,1909f56bfc062723c751e8b465ee728b)  -> (artifact id: '4fb1690f0b307beaf106265c6ea255c7') in 0.037163 seconds
  Import took 0.040854 seconds .

========================================================================
Received Import Request.
  Time since last request: 0.000348 seconds.
  path: Assets/Assets/Pixel Adventure 1/Assets/Main Characters/Ninja Frog/Fall (32x32).png
  artifactKey: Guid(b6d14bcb8d9dbb349beb9d3619096732) Importer(815301076,1909f56bfc062723c751e8b465ee728b)
Start importing Assets/Assets/Pixel Adventure 1/Assets/Main Characters/Ninja Frog/Fall (32x32).png using Guid(b6d14bcb8d9dbb349beb9d3619096732) Importer(815301076,1909f56bfc062723c751e8b465ee728b)  -> (artifact id: '14688a3e305837d2040672ea70a3739a') in 0.011514 seconds
  Import took 0.015585 seconds .

========================================================================
Received Import Request.
  Time since last request: 0.000297 seconds.
  path: Assets/Assets/Pixel Adventure 1/Assets/Main Characters/Ninja Frog/Idle (32x32).png
  artifactKey: Guid(cd947491a13509945aa1b644f9db3ef2) Importer(815301076,1909f56bfc062723c751e8b465ee728b)
Start importing Assets/Assets/Pixel Adventure 1/Assets/Main Characters/Ninja Frog/Idle (32x32).png using Guid(cd947491a13509945aa1b644f9db3ef2) Importer(815301076,1909f56bfc062723c751e8b465ee728b)  -> (artifact id: '9d391119b25494fb8ba45fa4141788f8') in 0.051722 seconds
  Import took 0.055781 seconds .

========================================================================
Received Prepare
Registering precompiled user dll's ...
Registered in 0.013482 seconds.
Begin MonoManager ReloadAssembly
Native extension for WindowsStandalone target not found
Refreshing native plugins compatible for Editor in 0.66 ms, found 3 plugins.
Preloading 0 native plugins for Editor in 0.00 ms.
Mono: successfully reloaded assembly
- Completed reload, in  1.534 seconds
Platform modules already initialized, skipping
Refreshing native plugins compatible for Editor in 0.62 ms, found 3 plugins.
Preloading 0 native plugins for Editor in 0.00 ms.
Unloading 2075 Unused Serialized files (Serialized files now loaded: 0)
System memory in use before: 96.0 MB.
System memory in use after: 96.0 MB.

Unloading 22 unused Assets to reduce memory usage. Loaded Objects now: 2538.
Total: 2.788600 ms (FindLiveObjects: 0.201400 ms CreateObjectMapping: 0.084900 ms MarkObjects: 2.349300 ms  DeleteObjects: 0.151500 ms)

========================================================================
Received Prepare
Registering precompiled user dll's ...
Registered in 0.009201 seconds.
Begin MonoManager ReloadAssembly
Native extension for WindowsStandalone target not found
Refreshing native plugins compatible for Editor in 0.63 ms, found 3 plugins.
Preloading 0 native plugins for Editor in 0.00 ms.
Mono: successfully reloaded assembly
- Completed reload, in  1.430 seconds
Platform modules already initialized, skipping
Refreshing native plugins compatible for Editor in 0.64 ms, found 3 plugins.
Preloading 0 native plugins for Editor in 0.00 ms.
Unloading 2076 Unused Serialized files (Serialized files now loaded: 0)
System memory in use before: 96.1 MB.
System memory in use after: 96.1 MB.

Unloading 21 unused Assets to reduce memory usage. Loaded Objects now: 2543.
Total: 3.290400 ms (FindLiveObjects: 0.215500 ms CreateObjectMapping: 0.089800 ms MarkObjects: 2.830800 ms  DeleteObjects: 0.152300 ms)

========================================================================
Received Import Request.
  Time since last request: 727.985036 seconds.
  path: Assets
  artifactKey: Guid(00000000000000001000000000000000) Importer(815301076,1909f56bfc062723c751e8b465ee728b)
Start importing Assets using Guid(00000000000000001000000000000000) Importer(815301076,1909f56bfc062723c751e8b465ee728b)  -> (artifact id: '42d402b061de3733987d63b9cc3b64de') in 0.007105 seconds
  Import took 0.011390 seconds .

========================================================================
Received Import Request.
  Time since last request: 6.255386 seconds.
  path: Assets/Scripts
  artifactKey: Guid(fd57421d15cf0854f85512f1cf4167cc) Importer(815301076,1909f56bfc062723c751e8b465ee728b)
Start importing Assets/Scripts using Guid(fd57421d15cf0854f85512f1cf4167cc) Importer(815301076,1909f56bfc062723c751e8b465ee728b)  -> (artifact id: 'd7c1394e7e4a222664757b0b627f4595') in 0.005519 seconds
  Import took 0.009634 seconds .

========================================================================
Received Prepare
Registering precompiled user dll's ...
Registered in 0.008817 seconds.
Begin MonoManager ReloadAssembly
Native extension for WindowsStandalone target not found
Refreshing native plugins compatible for Editor in 0.61 ms, found 3 plugins.
Preloading 0 native plugins for Editor in 0.00 ms.
Mono: successfully reloaded assembly
- Completed reload, in  1.468 seconds
Platform modules already initialized, skipping
Refreshing native plugins compatible for Editor in 0.63 ms, found 3 plugins.
Preloading 0 native plugins for Editor in 0.00 ms.
Unloading 2076 Unused Serialized files (Serialized files now loaded: 0)
System memory in use before: 96.1 MB.
System memory in use after: 96.1 MB.

Unloading 21 unused Assets to reduce memory usage. Loaded Objects now: 2547.
Total: 2.803000 ms (FindLiveObjects: 0.210200 ms CreateObjectMapping: 0.089100 ms MarkObjects: 2.351400 ms  DeleteObjects: 0.150700 ms)

========================================================================
Received Import Request.
  Time since last request: 15.876927 seconds.
  path: Assets/Scripts/PlayerMovement.cs
  artifactKey: Guid(72374edb9b6180e44843bac002599419) Importer(815301076,1909f56bfc062723c751e8b465ee728b)
Start importing Assets/Scripts/PlayerMovement.cs using Guid(72374edb9b6180e44843bac002599419) Importer(815301076,1909f56bfc062723c751e8b465ee728b)  -> (artifact id: 'a6136a454d65c26784c8562f1919633f') in 0.047703 seconds
  Import took 0.052136 seconds .

========================================================================
Received Prepare
Registering precompiled user dll's ...
Registered in 0.009097 seconds.
Begin MonoManager ReloadAssembly
Native extension for WindowsStandalone target not found
Refreshing native plugins compatible for Editor in 0.61 ms, found 3 plugins.
Preloading 0 native plugins for Editor in 0.00 ms.
Mono: successfully reloaded assembly
- Completed reload, in  1.385 seconds
Platform modules already initialized, skipping
Refreshing native plugins compatible for Editor in 0.62 ms, found 3 plugins.
Preloading 0 native plugins for Editor in 0.00 ms.
Unloading 2076 Unused Serialized files (Serialized files now loaded: 0)
System memory in use before: 96.1 MB.
System memory in use after: 96.1 MB.

Unloading 21 unused Assets to reduce memory usage. Loaded Objects now: 2551.
Total: 2.919200 ms (FindLiveObjects: 0.216000 ms CreateObjectMapping: 0.085100 ms MarkObjects: 2.445800 ms  DeleteObjects: 0.170900 ms)

========================================================================
Received Import Request.
  Time since last request: 636.602763 seconds.
  path: Assets/Scripts/PlayerMovement.cs
  artifactKey: Guid(72374edb9b6180e44843bac002599419) Importer(815301076,1909f56bfc062723c751e8b465ee728b)
Start importing Assets/Scripts/PlayerMovement.cs using Guid(72374edb9b6180e44843bac002599419) Importer(815301076,1909f56bfc062723c751e8b465ee728b)  -> (artifact id: 'a955c197ff7899c171cdc1ea6961b185') in 0.006685 seconds
  Import took 0.010385 seconds .

========================================================================
Received Prepare
Registering precompiled user dll's ...
Registered in 0.010932 seconds.
Begin MonoManager ReloadAssembly
Native extension for WindowsStandalone target not found
Refreshing native plugins compatible for Editor in 0.64 ms, found 3 plugins.
Preloading 0 native plugins for Editor in 0.00 ms.
Mono: successfully reloaded assembly
- Completed reload, in  1.402 seconds
Platform modules already initialized, skipping
Refreshing native plugins compatible for Editor in 0.63 ms, found 3 plugins.
Preloading 0 native plugins for Editor in 0.00 ms.
Unloading 2076 Unused Serialized files (Serialized files now loaded: 0)
System memory in use before: 96.1 MB.
System memory in use after: 96.1 MB.

Unloading 21 unused Assets to reduce memory usage. Loaded Objects now: 2555.
Total: 2.584000 ms (FindLiveObjects: 0.201300 ms CreateObjectMapping: 0.085900 ms MarkObjects: 2.153800 ms  DeleteObjects: 0.141500 ms)

========================================================================
Received Import Request.
  Time since last request: 133.426861 seconds.
  path: Assets/Scripts/PlayerMovement.cs
  artifactKey: Guid(72374edb9b6180e44843bac002599419) Importer(815301076,1909f56bfc062723c751e8b465ee728b)
Start importing Assets/Scripts/PlayerMovement.cs using Guid(72374edb9b6180e44843bac002599419) Importer(815301076,1909f56bfc062723c751e8b465ee728b)  -> (artifact id: 'ed04392c4a9571253c000c4f2bf59f17') in 0.007266 seconds
  Import took 0.010985 seconds .

========================================================================
Received Prepare
Registering precompiled user dll's ...
Registered in 0.008387 seconds.
Begin MonoManager ReloadAssembly
Native extension for WindowsStandalone target not found
Refreshing native plugins compatible for Editor in 0.61 ms, found 3 plugins.
Preloading 0 native plugins for Editor in 0.00 ms.
Mono: successfully reloaded assembly
- Completed reload, in  1.423 seconds
Platform modules already initialized, skipping
Refreshing native plugins compatible for Editor in 0.63 ms, found 3 plugins.
Preloading 0 native plugins for Editor in 0.00 ms.
Unloading 2076 Unused Serialized files (Serialized files now loaded: 0)
System memory in use before: 96.1 MB.
System memory in use after: 96.1 MB.

Unloading 21 unused Assets to reduce memory usage. Loaded Objects now: 2559.
Total: 2.697200 ms (FindLiveObjects: 0.225500 ms CreateObjectMapping: 0.105200 ms MarkObjects: 2.229900 ms  DeleteObjects: 0.134900 ms)

========================================================================
Received Prepare
Registering precompiled user dll's ...
Registered in 0.008952 seconds.
Begin MonoManager ReloadAssembly
Native extension for WindowsStandalone target not found
Refreshing native plugins compatible for Editor in 0.65 ms, found 3 plugins.
Preloading 0 native plugins for Editor in 0.00 ms.
Mono: successfully reloaded assembly
- Completed reload, in  1.401 seconds
Platform modules already initialized, skipping
Refreshing native plugins compatible for Editor in 0.64 ms, found 3 plugins.
Preloading 0 native plugins for Editor in 0.00 ms.
Unloading 2076 Unused Serialized files (Serialized files now loaded: 0)
System memory in use before: 96.2 MB.
System memory in use after: 96.1 MB.

Unloading 21 unused Assets to reduce memory usage. Loaded Objects now: 2563.
Total: 2.896100 ms (FindLiveObjects: 0.231400 ms CreateObjectMapping: 0.126600 ms MarkObjects: 2.389600 ms  DeleteObjects: 0.146900 ms)

========================================================================
Received Prepare
Registering precompiled user dll's ...
Registered in 0.008836 seconds.
Begin MonoManager ReloadAssembly
Native extension for WindowsStandalone target not found
Refreshing native plugins compatible for Editor in 0.61 ms, found 3 plugins.
Preloading 0 native plugins for Editor in 0.00 ms.
Mono: successfully reloaded assembly
- Completed reload, in  1.396 seconds
Platform modules already initialized, skipping
Refreshing native plugins compatible for Editor in 0.63 ms, found 3 plugins.
Preloading 0 native plugins for Editor in 0.00 ms.
Unloading 2076 Unused Serialized files (Serialized files now loaded: 0)
System memory in use before: 96.2 MB.
System memory in use after: 96.1 MB.

Unloading 21 unused Assets to reduce memory usage. Loaded Objects now: 2567.
Total: 2.673600 ms (FindLiveObjects: 0.248400 ms CreateObjectMapping: 0.084300 ms MarkObjects: 2.184400 ms  DeleteObjects: 0.154800 ms)

========================================================================
Received Prepare
Registering precompiled user dll's ...
Registered in 0.008932 seconds.
Begin MonoManager ReloadAssembly
Native extension for WindowsStandalone target not found
Refreshing native plugins compatible for Editor in 0.61 ms, found 3 plugins.
Preloading 0 native plugins for Editor in 0.00 ms.
Mono: successfully reloaded assembly
- Completed reload, in  1.427 seconds
Platform modules already initialized, skipping
Refreshing native plugins compatible for Editor in 0.63 ms, found 3 plugins.
Preloading 0 native plugins for Editor in 0.00 ms.
Unloading 2076 Unused Serialized files (Serialized files now loaded: 0)
System memory in use before: 96.2 MB.
System memory in use after: 96.2 MB.

Unloading 21 unused Assets to reduce memory usage. Loaded Objects now: 2571.
Total: 3.024200 ms (FindLiveObjects: 0.343500 ms CreateObjectMapping: 0.189200 ms MarkObjects: 2.343200 ms  DeleteObjects: 0.146700 ms)

========================================================================
Received Prepare
Registering precompiled user dll's ...
Registered in 0.012208 seconds.
Begin MonoManager ReloadAssembly
Native extension for WindowsStandalone target not found
Refreshing native plugins compatible for Editor in 0.62 ms, found 3 plugins.
Preloading 0 native plugins for Editor in 0.00 ms.
Mono: successfully reloaded assembly
- Completed reload, in  1.466 seconds
Platform modules already initialized, skipping
Refreshing native plugins compatible for Editor in 0.66 ms, found 3 plugins.
Preloading 0 native plugins for Editor in 0.00 ms.
Unloading 2076 Unused Serialized files (Serialized files now loaded: 0)
System memory in use before: 96.2 MB.
System memory in use after: 96.2 MB.

Unloading 21 unused Assets to reduce memory usage. Loaded Objects now: 2575.
Total: 2.831000 ms (FindLiveObjects: 0.204000 ms CreateObjectMapping: 0.088000 ms MarkObjects: 2.379600 ms  DeleteObjects: 0.157900 ms)

========================================================================
Received Prepare
Registering precompiled user dll's ...
Registered in 0.009196 seconds.
Begin MonoManager ReloadAssembly
Native extension for WindowsStandalone target not found
Refreshing native plugins compatible for Editor in 0.61 ms, found 3 plugins.
Preloading 0 native plugins for Editor in 0.00 ms.
Mono: successfully reloaded assembly
- Completed reload, in  1.380 seconds
Platform modules already initialized, skipping
Refreshing native plugins compatible for Editor in 0.62 ms, found 3 plugins.
Preloading 0 native plugins for Editor in 0.00 ms.
Unloading 2076 Unused Serialized files (Serialized files now loaded: 0)
System memory in use before: 96.2 MB.
System memory in use after: 96.2 MB.

Unloading 21 unused Assets to reduce memory usage. Loaded Objects now: 2579.
Total: 2.697300 ms (FindLiveObjects: 0.206200 ms CreateObjectMapping: 0.090600 ms MarkObjects: 2.194500 ms  DeleteObjects: 0.204500 ms)

========================================================================
Received Prepare
Registering precompiled user dll's ...
Registered in 0.009456 seconds.
Begin MonoManager ReloadAssembly
Native extension for WindowsStandalone target not found
Refreshing native plugins compatible for Editor in 0.98 ms, found 3 plugins.
Preloading 0 native plugins for Editor in 0.00 ms.
Mono: successfully reloaded assembly
- Completed reload, in  1.409 seconds
Platform modules already initialized, skipping
Refreshing native plugins compatible for Editor in 0.63 ms, found 3 plugins.
Preloading 0 native plugins for Editor in 0.00 ms.
Unloading 2076 Unused Serialized files (Serialized files now loaded: 0)
System memory in use before: 96.2 MB.
System memory in use after: 96.2 MB.

Unloading 21 unused Assets to reduce memory usage. Loaded Objects now: 2583.
Total: 2.708900 ms (FindLiveObjects: 0.238800 ms CreateObjectMapping: 0.109700 ms MarkObjects: 2.205000 ms  DeleteObjects: 0.154200 ms)

========================================================================
Received Prepare
Registering precompiled user dll's ...
Registered in 0.009025 seconds.
Begin MonoManager ReloadAssembly
Native extension for WindowsStandalone target not found
Refreshing native plugins compatible for Editor in 1.05 ms, found 3 plugins.
Preloading 0 native plugins for Editor in 0.00 ms.
Mono: successfully reloaded assembly
- Completed reload, in  1.434 seconds
Platform modules already initialized, skipping
Refreshing native plugins compatible for Editor in 0.67 ms, found 3 plugins.
Preloading 0 native plugins for Editor in 0.00 ms.
Unloading 2076 Unused Serialized files (Serialized files now loaded: 0)
System memory in use before: 96.2 MB.
System memory in use after: 96.2 MB.

Unloading 21 unused Assets to reduce memory usage. Loaded Objects now: 2587.
Total: 2.880300 ms (FindLiveObjects: 0.243400 ms CreateObjectMapping: 0.103200 ms MarkObjects: 2.346700 ms  DeleteObjects: 0.185100 ms)

AssetImportWorkerClient::OnTransportError - code=2 error=End of file
